construct
construct
construct
exploring
ant logic: 70.309813 ms
exploring
ant logic: 13.364474 ms
exploring
ant logic: 7.80348 ms
Map size was 4 now 4
Map size was 4 now 4
TICK: 122.577249 ms
exploring
ant logic: 15.515877 ms
exploring
ant logic: 9.49231 ms
exploring
ant logic: 8.002117 ms
TICK: 34.0503 ms
exploring
ant logic: 13.389074 ms
exploring
ant logic: 9.869136 ms
exploring
ant logic: 7.62259 ms
Map size was 11 now 12
Map size was 10 now 12
TICK: 33.708552 ms
exploring
ant logic: 13.182987 ms
exploring
ant logic: 15.177126 ms
exploring
ant logic: 6.976449 ms
Map size was 14 now 14
Map size was 14 now 14
TICK: 37.156838 ms
exploring
ant logic: 11.025002 ms
exploring
ant logic: 7.27262 ms
exploring
ant logic: 6.270668 ms
Map size was 16 now 16
Map size was 16 now 16
TICK: 26.259974 ms
exploring
ant logic: 11.844245 ms
exploring
ant logic: 11.784751 ms
exploring
ant logic: 6.126535 ms
Map size was 19 now 19
Map size was 19 now 19
TICK: 31.385829 ms
exploring
ant logic: 11.524997 ms
exploring
ant logic: 7.899601 ms
exploring
ant logic: 6.170814 ms
TICK: 27.627313 ms
exploring
ant logic: 11.188841 ms
exploring
ant logic: 10.705304 ms
exploring
ant logic: 7.165813 ms
TICK: 30.349508 ms
exploring
ant logic: 11.282041 ms
exploring
ant logic: 6.811155 ms
exploring
ant logic: 6.814962 ms
TICK: 26.234807 ms
construct
exploring
ant logic: 10.15605 ms
exploring
ant logic: 6.920281 ms
exploring
ant logic: 5.681736 ms
exploring
ant logic: 16.53983 ms
TICK: 39.857994 ms
exploring
ant logic: 9.643792 ms
exploring
ant logic: 5.732175 ms
exploring
ant logic: 5.788019 ms
exploring
ant logic: 5.811782 ms
TICK: 27.567374 ms
exploring
ant logic: 9.976714 ms
exploring
ant logic: 8.149583 ms
exploring
ant logic: 5.261291 ms
exploring
ant logic: 5.263283 ms
TICK: 29.220659 ms
exploring
ant logic: 8.502921 ms
exploring
ant logic: 4.664464 ms
exploring
ant logic: 6.038263 ms
exploring
ant logic: 5.650393 ms
TICK: 26.954094 ms
exploring
ant logic: 8.189628 ms
exploring
ant logic: 4.620859 ms
exploring
ant logic: 5.556464 ms
exploring
ant logic: 4.583868 ms
TICK: 24.6527 ms
exploring
ant logic: 8.007818 ms
exploring
ant logic: 4.456915 ms
exploring
ant logic: 5.054224 ms
exploring
ant logic: 4.581358 ms
TICK: 24.137289 ms
exploring
ant logic: 7.955549 ms
exploring
ant logic: 4.646422 ms
exploring
ant logic: 7.983871 ms
exploring
ant logic: 10.222087 ms
TICK: 31.841514 ms
exploring
ant logic: 9.526496 ms
exploring
ant logic: 7.116404 ms
exploring
ant logic: 5.858037 ms
exploring
ant logic: 4.529618 ms
TICK: 28.189969 ms
exploring
ant logic: 6.742775 ms
exploring
ant logic: 7.579088 ms
exploring
ant logic: 4.642486 ms
exploring
ant logic: 4.456162 ms
TICK: 24.976953 ms
exploring
ant logic: 6.379838 ms
exploring
ant logic: 5.769017 ms
exploring
ant logic: 4.34432 ms
exploring
ant logic: 3.299035 ms
TICK: 22.391253 ms
construct
exploring
ant logic: 5.389879 ms
exploring
ant logic: 3.274476 ms
exploring
ant logic: 3.323973 ms
Map size was 4 now 29
Map size was 29 now 29
exploring
ant logic: 3.599799 ms
exploring
ant logic: 3.661484 ms
TICK: 20.344772 ms
exploring
ant logic: 5.87461 ms
exploring
ant logic: 5.486935 ms
exploring
ant logic: 7.075403 ms
exploring
ant logic: 3.756317 ms
exploring
ant logic: 9.974223 ms
TICK: 32.938695 ms
exploring
ant logic: 4.430279 ms
exploring
ant logic: 2.998704 ms
exploring
ant logic: 2.915494 ms
exploring
ant logic: 3.107876 ms
exploring
ant logic: 3.861512 ms
TICK: 19.778415 ms
exploring
ant logic: 7.127745 ms
exploring
ant logic: 5.590017 ms
exploring
ant logic: 3.525888 ms
exploring
ant logic: 4.158446 ms
exploring
ant logic: 2.859992 ms
TICK: 24.815367 ms
exploring
ant logic: 6.335921 ms
exploring
ant logic: 5.375826 ms
exploring
ant logic: 5.377064 ms
exploring
ant logic: 3.564969 ms
exploring
ant logic: 3.510355 ms
TICK: 25.193712 ms
exploring
ant logic: 5.108621 ms
exploring
ant logic: 5.182287 ms
exploring
ant logic: 2.809951 ms
exploring
ant logic: 3.245368 ms
exploring
ant logic: 2.801308 ms
TICK: 20.765959 ms
exploring
ant logic: 6.080862 ms
exploring
ant logic: 4.75171 ms
exploring
ant logic: 3.328773 ms
exploring
ant logic: 4.522032 ms
exploring
ant logic: 2.860674 ms
TICK: 22.508487 ms
exploring
ant logic: 5.36804 ms
exploring
ant logic: 3.326569 ms
exploring
ant logic: 3.185218 ms
exploring
ant logic: 3.320717 ms
exploring
ant logic: 3.304594 ms
TICK: 19.220828 ms
exploring
ant logic: 4.91122 ms
exploring
ant logic: 3.440777 ms
exploring
ant logic: 2.891462 ms
exploring
ant logic: 3.013527 ms
exploring
ant logic: 3.326942 ms
TICK: 19.301659 ms
exploring
ant logic: 4.879506 ms
exploring
ant logic: 3.059377 ms
exploring
ant logic: 3.339677 ms
exploring
ant logic: 2.699295 ms
exploring
ant logic: 6.130206 ms
TICK: 21.936751 ms
construct
exploring
ant logic: 4.734134 ms
exploring
ant logic: 2.511992 ms
exploring
ant logic: 2.491484 ms
exploring
ant logic: 2.500448 ms
exploring
ant logic: 2.53786 ms
exploring
ant logic: 2.519382 ms
Map size was 4 now 30
Map size was 30 now 30
Map size was 30 now 30
Map size was 30 now 30
TICK: 18.924479 ms
exploring
ant logic: 4.703445 ms
exploring
ant logic: 4.460459 ms
exploring
ant logic: 4.400972 ms
exploring
ant logic: 2.664388 ms
exploring
ant logic: 2.558908 ms
exploring
ant logic: 2.4835 ms
TICK: 21.961826 ms
exploring
ant logic: 4.686967 ms
exploring
ant logic: 4.374089 ms
exploring
ant logic: 4.49181 ms
exploring
ant logic: 2.583385 ms
exploring
ant logic: 2.525233 ms
exploring
ant logic: 2.498457 ms
TICK: 21.854467 ms
exploring
ant logic: 4.244258 ms
exploring
ant logic: 2.650141 ms
exploring
ant logic: 2.488671 ms
exploring
ant logic: 2.71738 ms
exploring
ant logic: 4.085641 ms
exploring
ant logic: 2.761571 ms
TICK: 19.601648 ms
exploring
ant logic: 4.689738 ms
exploring
ant logic: 4.286357 ms
exploring
ant logic: 3.91512 ms
exploring
ant logic: 2.461884 ms
exploring
ant logic: 2.439913 ms
exploring
ant logic: 2.43225 ms
TICK: 20.767085 ms
exploring
ant logic: 3.750219 ms
exploring
ant logic: 2.598199 ms
exploring
ant logic: 2.798548 ms
exploring
ant logic: 2.566675 ms
exploring
ant logic: 6.365702 ms
exploring
ant logic: 2.472113 ms
TICK: 22.020832 ms
exploring
ant logic: 3.825593 ms
exploring
ant logic: 3.083222 ms
exploring
ant logic: 3.105456 ms
exploring
ant logic: 3.059046 ms
exploring
ant logic: 4.203545 ms
exploring
ant logic: 2.998759 ms
TICK: 21.173887 ms
exploring
ant logic: 4.135553 ms
exploring
ant logic: 3.794932 ms
exploring
ant logic: 3.855441 ms
exploring
ant logic: 2.85893 ms
exploring
ant logic: 2.824974 ms
exploring
ant logic: 2.868773 ms
TICK: 21.195512 ms
exploring
ant logic: 3.843654 ms
exploring
ant logic: 4.569726 ms
exploring
ant logic: 3.543674 ms
exploring
ant logic: 2.602692 ms
exploring
ant logic: 2.708992 ms
exploring
ant logic: 2.643693 ms
TICK: 20.882691 ms
exploring
ant logic: 3.742521 ms
exploring
ant logic: 3.519205 ms
exploring
ant logic: 2.853302 ms
exploring
ant logic: 1.958739 ms
exploring
ant logic: 2.151361 ms
exploring
ant logic: 2.115203 ms
TICK: 17.023825 ms
construct
exploring
ant logic: 3.5451 ms
exploring
ant logic: 3.372746 ms
exploring
ant logic: 2.638718 ms
exploring
ant logic: 2.36726 ms
exploring
ant logic: 1.937751 ms
exploring
ant logic: 1.894894 ms
exploring
ant logic: 1.913306 ms
TICK: 19.445853 ms
exploring
ant logic: 3.664395 ms
exploring
ant logic: 3.339685 ms
exploring
ant logic: 2.240341 ms
exploring
ant logic: 1.887363 ms
exploring
ant logic: 1.89526 ms
exploring
ant logic: 2.03954 ms
exploring
ant logic: 2.064543 ms
TICK: 17.880525 ms
exploring
ant logic: 3.591862 ms
exploring
ant logic: 3.394106 ms
exploring
ant logic: 3.406184 ms
exploring
ant logic: 4.02166 ms
exploring
ant logic: 3.523094 ms
exploring
ant logic: 3.349472 ms
exploring
ant logic: 4.23719 ms
TICK: 28.502543 ms
exploring
ant logic: 3.638364 ms
exploring
ant logic: 3.321472 ms
exploring
ant logic: 2.022668 ms
exploring
ant logic: 1.911578 ms
exploring
ant logic: 1.871523 ms
exploring
ant logic: 2.429847 ms
exploring
ant logic: 1.972039 ms
TICK: 18.232004 ms
exploring
ant logic: 3.608696 ms
exploring
ant logic: 3.356813 ms
exploring
ant logic: 1.899276 ms
exploring
ant logic: 1.898846 ms
exploring
ant logic: 2.034918 ms
exploring
ant logic: 2.05361 ms
exploring
ant logic: 1.947252 ms
TICK: 17.510285 ms
exploring
ant logic: 3.548397 ms
exploring
ant logic: 2.684551 ms
exploring
ant logic: 1.877228 ms
exploring
ant logic: 1.848882 ms
exploring
ant logic: 1.890882 ms
exploring
ant logic: 1.925027 ms
exploring
ant logic: 2.072484 ms
TICK: 17.210063 ms
exploring
ant logic: 3.416357 ms
exploring
ant logic: 3.184571 ms
exploring
ant logic: 3.123004 ms
exploring
ant logic: 2.891702 ms
exploring
ant logic: 1.873296 ms
exploring
ant logic: 1.805364 ms
exploring
ant logic: 1.764149 ms
TICK: 18.794887 ms
exploring
ant logic: 3.400861 ms
exploring
ant logic: 3.144699 ms
exploring
ant logic: 3.238992 ms
exploring
ant logic: 2.384241 ms
exploring
ant logic: 1.758783 ms
exploring
ant logic: 1.789182 ms
exploring
ant logic: 1.760851 ms
TICK: 18.253549 ms
exploring
ant logic: 3.419264 ms
exploring
ant logic: 3.132356 ms
exploring
ant logic: 3.364301 ms
exploring
ant logic: 2.122699 ms
exploring
ant logic: 2.258786 ms
exploring
ant logic: 2.395785 ms
exploring
ant logic: 2.455707 ms
TICK: 20.047412 ms
exploring
ant logic: 4.406685 ms
exploring
ant logic: 3.994943 ms
exploring
ant logic: 2.660155 ms
exploring
ant logic: 1.785914 ms
exploring
ant logic: 2.635889 ms
exploring
ant logic: 2.798321 ms
exploring
ant logic: 2.299692 ms
TICK: 22.158523 ms
construct
exploring
ant logic: 3.174473 ms
exploring
ant logic: 2.270786 ms
exploring
ant logic: 2.285314 ms
exploring
ant logic: 1.720279 ms
exploring
ant logic: 1.416074 ms
exploring
ant logic: 1.321876 ms
exploring
ant logic: 1.334565 ms
exploring
ant logic: 1.288487 ms
TICK: 15.712757 ms
exploring
ant logic: 2.602036 ms
exploring
ant logic: 2.318079 ms
exploring
ant logic: 2.304338 ms
exploring
ant logic: 1.4865 ms
exploring
ant logic: 1.282984 ms
exploring
ant logic: 1.291 ms
exploring
ant logic: 1.307159 ms
exploring
ant logic: 1.357665 ms
TICK: 14.788874 ms
exploring
ant logic: 2.586475 ms
exploring
ant logic: 2.321117 ms
exploring
ant logic: 2.299663 ms
exploring
ant logic: 1.417425 ms
exploring
ant logic: 1.295762 ms
exploring
ant logic: 1.280523 ms
exploring
ant logic: 1.272689 ms
exploring
ant logic: 1.355253 ms
TICK: 14.654608 ms
exploring
ant logic: 2.55207 ms
exploring
ant logic: 4.537498 ms
exploring
ant logic: 1.408992 ms
exploring
ant logic: 1.732141 ms
exploring
ant logic: 1.681596 ms
exploring
ant logic: 1.745143 ms
exploring
ant logic: 1.331427 ms
exploring
ant logic: 1.377176 ms
TICK: 18.329173 ms
exploring
ant logic: 2.531533 ms
exploring
ant logic: 2.244906 ms
exploring
ant logic: 2.304649 ms
exploring
ant logic: 2.242214 ms
exploring
ant logic: 2.258712 ms
exploring
ant logic: 2.229385 ms
exploring
ant logic: 4.68492 ms
exploring
ant logic: 1.402643 ms
TICK: 21.738665 ms
exploring
ant logic: 2.536765 ms
exploring
ant logic: 2.290646 ms
exploring
ant logic: 1.267141 ms
exploring
ant logic: 1.248701 ms
exploring
ant logic: 1.311082 ms
exploring
ant logic: 1.248515 ms
exploring
ant logic: 1.253381 ms
exploring
ant logic: 1.261505 ms
TICK: 13.074498 ms
exploring
ant logic: 2.521144 ms
exploring
ant logic: 1.84575 ms
exploring
ant logic: 1.334133 ms
exploring
ant logic: 1.250366 ms
exploring
ant logic: 1.315968 ms
Map size was 44 now 49
Map size was 18 now 49
exploring
ant logic: 1.269827 ms
exploring
ant logic: 1.237333 ms
exploring
ant logic: 1.270275 ms
TICK: 13.191768 ms
exploring
ant logic: 2.542473 ms
exploring
ant logic: 2.251395 ms
exploring
ant logic: 2.263043 ms
exploring
ant logic: 5.035506 ms
exploring
ant logic: 3.354917 ms
Map size was 51 now 51
Map size was 51 now 51
exploring
ant logic: 1.429135 ms
exploring
ant logic: 1.284347 ms
exploring
ant logic: 1.289321 ms
TICK: 23.161873 ms
exploring
ant logic: 2.534435 ms
exploring
ant logic: 2.243834 ms
exploring
ant logic: 2.373091 ms
exploring
ant logic: 2.199521 ms
exploring
ant logic: 2.384468 ms
Map size was 53 now 53
Map size was 53 now 53
exploring
ant logic: 1.416157 ms
exploring
ant logic: 1.276097 ms
exploring
ant logic: 1.801911 ms
TICK: 18.025314 ms
exploring
ant logic: 3.607569 ms
exploring
ant logic: 2.296013 ms
exploring
ant logic: 2.214997 ms
exploring
ant logic: 7.730933 ms
exploring
ant logic: 3.58454 ms
exploring
ant logic: 7.899674 ms
exploring
ant logic: 1.474471 ms
exploring
ant logic: 1.351282 ms
TICK: 33.742452 ms
construct
exploring
ant logic: 2.273191 ms
exploring
ant logic: 1.765297 ms
exploring
ant logic: 1.744049 ms
exploring
ant logic: 1.770655 ms
exploring
ant logic: 1.727801 ms
exploring
ant logic: 1.55178 ms
exploring
ant logic: 6.673688 ms
exploring
ant logic: 1.669522 ms
exploring
ant logic: 1.621071 ms
TICK: 21.974597 ms
exploring
ant logic: 2.167742 ms
exploring
ant logic: 1.58215 ms
exploring
ant logic: 1.585342 ms
exploring
ant logic: 1.562614 ms
exploring
ant logic: 1.726558 ms
exploring
ant logic: 1.372762 ms
exploring
ant logic: 1.017671 ms
exploring
ant logic: 0.92514 ms
exploring
ant logic: 0.876648 ms
TICK: 14.045208 ms
exploring
ant logic: 1.811384 ms
exploring
ant logic: 1.583192 ms
exploring
ant logic: 1.53272 ms
exploring
ant logic: 1.548878 ms
exploring
ant logic: 1.51751 ms
exploring
ant logic: 1.501722 ms
exploring
ant logic: 0.888123 ms
exploring
ant logic: 0.868386 ms
exploring
ant logic: 0.96035 ms
TICK: 13.278797 ms
exploring
ant logic: 1.934223 ms
exploring
ant logic: 1.596648 ms
exploring
ant logic: 1.894256 ms
exploring
ant logic: 3.445159 ms
exploring
ant logic: 1.562604 ms
exploring
ant logic: 1.443242 ms
exploring
ant logic: 3.929792 ms
exploring
ant logic: 1.000786 ms
exploring
ant logic: 0.963334 ms
TICK: 19.119256 ms
exploring
ant logic: 1.831555 ms
exploring
ant logic: 1.637638 ms
exploring
ant logic: 1.467726 ms
exploring
ant logic: 1.513511 ms
exploring
ant logic: 1.513574 ms
exploring
ant logic: 0.83685 ms
exploring
ant logic: 0.823202 ms
exploring
ant logic: 0.848391 ms
exploring
ant logic: 0.831635 ms
TICK: 13.089103 ms
exploring
ant logic: 1.773893 ms
exploring
ant logic: 1.502175 ms
exploring
ant logic: 1.481688 ms
exploring
ant logic: 1.597014 ms
exploring
ant logic: 1.459426 ms
exploring
ant logic: 1.103906 ms
exploring
ant logic: 0.875019 ms
exploring
ant logic: 0.830163 ms
exploring
ant logic: 0.845307 ms
TICK: 12.616432 ms
exploring
ant logic: 1.812201 ms
exploring
ant logic: 1.555318 ms
exploring
ant logic: 1.527303 ms
exploring
ant logic: 1.808613 ms
exploring
ant logic: 1.448062 ms
exploring
ant logic: 0.868587 ms
exploring
ant logic: 0.855774 ms
exploring
ant logic: 0.837787 ms
exploring
ant logic: 0.834963 ms
TICK: 12.591661 ms
exploring
ant logic: 1.798895 ms
exploring
ant logic: 1.482189 ms
exploring
ant logic: 1.46573 ms
exploring
ant logic: 1.497855 ms
exploring
ant logic: 1.184037 ms
exploring
ant logic: 0.893014 ms
exploring
ant logic: 0.854569 ms
exploring
ant logic: 0.842375 ms
exploring
ant logic: 0.855144 ms
TICK: 12.055682 ms
exploring
ant logic: 1.814161 ms
exploring
ant logic: 1.532369 ms
exploring
ant logic: 1.462258 ms
exploring
ant logic: 1.493996 ms
exploring
ant logic: 0.992751 ms
exploring
ant logic: 0.865874 ms
exploring
ant logic: 0.843193 ms
exploring
ant logic: 0.834073 ms
exploring
ant logic: 0.827638 ms
TICK: 11.872633 ms
exploring
ant logic: 1.766545 ms
exploring
ant logic: 1.731971 ms
exploring
ant logic: 1.507502 ms
exploring
ant logic: 1.472817 ms
exploring
ant logic: 0.822225 ms
exploring
ant logic: 0.852466 ms
exploring
ant logic: 0.851312 ms
exploring
ant logic: 0.823911 ms
exploring
ant logic: 0.825352 ms
TICK: 11.586828 ms
construct
exploring
ant logic: 1.694259 ms
exploring
ant logic: 1.468919 ms
exploring
ant logic: 1.450365 ms
exploring
ant logic: 1.470798 ms
Map size was 4 now 30
Map size was 30 now 30
Map size was 30 now 30
Map size was 30 now 30
Map size was 30 now 30
Map size was 30 now 30
exploring
ant logic: 1.84387 ms
exploring
ant logic: 1.598898 ms
exploring
ant logic: 2.143515 ms
exploring
ant logic: 0.890259 ms
exploring
ant logic: 0.84009 ms
exploring
ant logic: 0.838145 ms
TICK: 19.531678 ms
exploring
ant logic: 1.7466 ms
exploring
ant logic: 1.488078 ms
exploring
ant logic: 3.656366 ms
exploring
ant logic: 1.443957 ms
exploring
ant logic: 0.860004 ms
exploring
ant logic: 1.34174 ms
exploring
ant logic: 0.883836 ms
exploring
ant logic: 0.838145 ms
exploring
ant logic: 0.909818 ms
exploring
ant logic: 0.874535 ms
TICK: 15.23255 ms
exploring
ant logic: 1.784422 ms
exploring
ant logic: 1.508124 ms
exploring
ant logic: 1.182931 ms
exploring
ant logic: 0.823906 ms
exploring
ant logic: 0.84336 ms
exploring
ant logic: 0.82784 ms
exploring
ant logic: 0.877687 ms
exploring
ant logic: 0.834398 ms
exploring
ant logic: 0.812618 ms
exploring
ant logic: 0.934736 ms
TICK: 11.354036 ms
exploring
ant logic: 1.747698 ms
exploring
ant logic: 1.46351 ms
exploring
ant logic: 1.843067 ms
exploring
ant logic: 1.695391 ms
exploring
ant logic: 1.630431 ms
exploring
ant logic: 1.576366 ms
exploring
ant logic: 1.483767 ms
exploring
ant logic: 1.327088 ms
exploring
ant logic: 0.9052 ms
exploring
ant logic: 2.54967 ms
TICK: 18.114275 ms
exploring
ant logic: 1.785024 ms
exploring
ant logic: 1.433732 ms
exploring
ant logic: 0.809189 ms
exploring
ant logic: 0.792975 ms
exploring
ant logic: 0.847495 ms
exploring
ant logic: 0.815581 ms
exploring
ant logic: 0.816097 ms
exploring
ant logic: 0.809444 ms
exploring
ant logic: 0.817468 ms
exploring
ant logic: 0.803891 ms
TICK: 10.546022 ms
exploring
ant logic: 1.696579 ms
exploring
ant logic: 1.448627 ms
exploring
ant logic: 1.407426 ms
exploring
ant logic: 1.395704 ms
exploring
ant logic: 1.455297 ms
exploring
ant logic: 1.398926 ms
exploring
ant logic: 1.463125 ms
exploring
ant logic: 1.619616 ms
exploring
ant logic: 0.9114 ms
exploring
ant logic: 2.542261 ms
TICK: 16.72359 ms
exploring
ant logic: 1.699641 ms
exploring
ant logic: 1.431912 ms
exploring
ant logic: 1.405577 ms
exploring
ant logic: 1.395484 ms
exploring
ant logic: 1.484344 ms
Map size was 92 now 107
Map size was 30 now 107
Map size was 107 now 107
Map size was 30 now 107
Map size was 107 now 107
Map size was 30 now 107
Map size was 107 now 107
Map size was 30 now 107
exploring
ant logic: 0.924538 ms
exploring
ant logic: 0.90436 ms
exploring
ant logic: 0.924893 ms
exploring
ant logic: 0.817465 ms
exploring
ant logic: 0.785142 ms
TICK: 16.786863 ms
exploring
ant logic: 1.730242 ms
exploring
ant logic: 1.438543 ms
exploring
ant logic: 1.41142 ms
exploring
ant logic: 1.396175 ms
exploring
ant logic: 1.433587 ms
exploring
ant logic: 1.426856 ms
exploring
ant logic: 1.319927 ms
exploring
ant logic: 0.854201 ms
exploring
ant logic: 0.856874 ms
exploring
ant logic: 0.898355 ms
TICK: 13.952701 ms
exploring
ant logic: 2.922441 ms
exploring
ant logic: 1.486148 ms
exploring
ant logic: 1.411245 ms
exploring
ant logic: 1.389384 ms
exploring
ant logic: 4.283471 ms
exploring
ant logic: 0.896253 ms
exploring
ant logic: 1.232336 ms
exploring
ant logic: 1.25107 ms
exploring
ant logic: 0.824058 ms
exploring
ant logic: 1.16752 ms
TICK: 18.584119 ms
exploring
ant logic: 1.676874 ms
exploring
ant logic: 1.435145 ms
exploring
ant logic: 1.384248 ms
exploring
ant logic: 1.374656 ms
exploring
ant logic: 1.402931 ms
exploring
ant logic: 1.255797 ms
exploring
ant logic: 0.923571 ms
exploring
ant logic: 0.946704 ms
exploring
ant logic: 0.942512 ms
exploring
ant logic: 0.942322 ms
TICK: 13.503387 ms
construct
exploring
ant logic: 1.585938 ms
exploring
ant logic: 1.341489 ms
exploring
ant logic: 1.302779 ms
exploring
ant logic: 1.307841 ms
exploring
ant logic: 1.347428 ms
exploring
ant logic: 1.119259 ms
exploring
ant logic: 0.769397 ms
exploring
ant logic: 0.754211 ms
exploring
ant logic: 0.82065 ms
exploring
ant logic: 2.337505 ms
exploring
ant logic: 1.724166 ms
TICK: 15.643685 ms
exploring
ant logic: 1.546658 ms
exploring
ant logic: 1.337505 ms
exploring
ant logic: 1.286046 ms
exploring
ant logic: 1.322846 ms
exploring
ant logic: 1.313454 ms
exploring
ant logic: 0.928543 ms
exploring
ant logic: 0.754077 ms
exploring
ant logic: 0.758624 ms
exploring
ant logic: 0.75576 ms
exploring
ant logic: 0.739016 ms
exploring
ant logic: 0.721341 ms
TICK: 12.731349 ms
exploring
ant logic: 1.596357 ms
exploring
ant logic: 1.341554 ms
exploring
ant logic: 1.304143 ms
exploring
ant logic: 1.31386 ms
exploring
ant logic: 1.113681 ms
exploring
ant logic: 0.771594 ms
exploring
ant logic: 0.766264 ms
exploring
ant logic: 0.748323 ms
exploring
ant logic: 0.76621 ms
exploring
ant logic: 0.750745 ms
exploring
ant logic: 1.0734 ms
TICK: 12.815929 ms
